android/app/build/intermediates/manifest_merge_blame_file/release/manifest-merger-blame-release-report.txt
1<?xml version="1.0" encoding="utf-8"?>
2<manifest xmlns:android="http://schemas.android.com/apk/res/android"
3    package="com.healthyhost"
4    android:versionCode="1"
5    android:versionName="1.0" >
6
7    <uses-sdk
8        android:minSdkVersion="16"
8-->src/main/AndroidManifest.xml
9        android:targetSdkVersion="28" />
9-->src/main/AndroidManifest.xml
10
11    <uses-permission android:name="android.permission.INTERNET" />
11-->src/main/AndroidManifest.xml:4:3-65
11-->src/main/AndroidManifest.xml:4:20-62
12    <uses-permission android:name="android.permission.WAKE_LOCK" />
12-->src/main/AndroidManifest.xml:6:3-66
12-->src/main/AndroidManifest.xml:6:20-63
13
14    <permission
14-->src/main/AndroidManifest.xml:7:3-9:43
15        android:name="com.healthyhost.permission.C2D_MESSAGE"
15-->src/main/AndroidManifest.xml:8:5-58
16        android:protectionLevel="signature" />
16-->src/main/AndroidManifest.xml:9:5-40
17
18    <uses-permission android:name="com.healthyhost.permission.C2D_MESSAGE" />
18-->src/main/AndroidManifest.xml:10:3-76
18-->src/main/AndroidManifest.xml:10:20-73
19    <uses-permission android:name="android.permission.VIBRATE" />
19-->src/main/AndroidManifest.xml:12:3-64
19-->src/main/AndroidManifest.xml:12:20-61
20    <uses-permission android:name="android.permission.RECEIVE_BOOT_COMPLETED" />
20-->src/main/AndroidManifest.xml:13:3-78
20-->src/main/AndroidManifest.xml:13:20-76
21
22    <!-- Required by older versions of Google Play services to create GCM registration tokens -->
23    <uses-permission android:name="com.google.android.c2dm.permission.RECEIVE" /> <!-- for android -->
23-->[com.google.android.gms:play-services-gcm:16.1.0] AndroidManifest.xml:23:5-82
23-->[com.google.android.gms:play-services-gcm:16.1.0] AndroidManifest.xml:23:22-79
24    <!-- <uses-permission android:name="com.android.launcher.permission.READ_SETTINGS"/> -->
25    <!-- <uses-permission android:name="com.android.launcher.permission.WRITE_SETTINGS"/> -->
26    <!-- <uses-permission android:name="com.android.launcher.permission.INSTALL_SHORTCUT" /> -->
27    <!-- <uses-permission android:name="com.android.launcher.permission.UNINSTALL_SHORTCUT" /> -->
28    <!-- for Samsung -->
29    <uses-permission android:name="com.sec.android.provider.badge.permission.READ" />
29-->[me.leolin:ShortcutBadger:1.1.8] AndroidManifest.xml:19:5-86
29-->[me.leolin:ShortcutBadger:1.1.8] AndroidManifest.xml:19:22-83
30    <uses-permission android:name="com.sec.android.provider.badge.permission.WRITE" /> <!-- for htc -->
30-->[me.leolin:ShortcutBadger:1.1.8] AndroidManifest.xml:20:5-87
30-->[me.leolin:ShortcutBadger:1.1.8] AndroidManifest.xml:20:22-84
31    <uses-permission android:name="com.htc.launcher.permission.READ_SETTINGS" />
31-->[me.leolin:ShortcutBadger:1.1.8] AndroidManifest.xml:23:5-81
31-->[me.leolin:ShortcutBadger:1.1.8] AndroidManifest.xml:23:22-78
32    <uses-permission android:name="com.htc.launcher.permission.UPDATE_SHORTCUT" /> <!-- for sony -->
32-->[me.leolin:ShortcutBadger:1.1.8] AndroidManifest.xml:24:5-83
32-->[me.leolin:ShortcutBadger:1.1.8] AndroidManifest.xml:24:22-80
33    <uses-permission android:name="com.sonyericsson.home.permission.BROADCAST_BADGE" />
33-->[me.leolin:ShortcutBadger:1.1.8] AndroidManifest.xml:27:5-88
33-->[me.leolin:ShortcutBadger:1.1.8] AndroidManifest.xml:27:22-85
34    <uses-permission android:name="com.sonymobile.home.permission.PROVIDER_INSERT_BADGE" /> <!-- for apex -->
34-->[me.leolin:ShortcutBadger:1.1.8] AndroidManifest.xml:28:5-92
34-->[me.leolin:ShortcutBadger:1.1.8] AndroidManifest.xml:28:22-89
35    <uses-permission android:name="com.anddoes.launcher.permission.UPDATE_COUNT" /> <!-- for solid -->
35-->[me.leolin:ShortcutBadger:1.1.8] AndroidManifest.xml:31:5-84
35-->[me.leolin:ShortcutBadger:1.1.8] AndroidManifest.xml:31:22-81
36    <uses-permission android:name="com.majeur.launcher.permission.UPDATE_BADGE" /> <!-- for huawei -->
36-->[me.leolin:ShortcutBadger:1.1.8] AndroidManifest.xml:34:5-83
36-->[me.leolin:ShortcutBadger:1.1.8] AndroidManifest.xml:34:22-80
37    <uses-permission android:name="com.huawei.android.launcher.permission.CHANGE_BADGE" />
37-->[me.leolin:ShortcutBadger:1.1.8] AndroidManifest.xml:37:5-91
37-->[me.leolin:ShortcutBadger:1.1.8] AndroidManifest.xml:37:22-88
38    <uses-permission android:name="com.huawei.android.launcher.permission.READ_SETTINGS" />
38-->[me.leolin:ShortcutBadger:1.1.8] AndroidManifest.xml:38:5-92
38-->[me.leolin:ShortcutBadger:1.1.8] AndroidManifest.xml:38:22-89
39    <uses-permission android:name="com.huawei.android.launcher.permission.WRITE_SETTINGS" />
39-->[me.leolin:ShortcutBadger:1.1.8] AndroidManifest.xml:39:5-93
39-->[me.leolin:ShortcutBadger:1.1.8] AndroidManifest.xml:39:22-90
40    <uses-permission android:name="android.permission.ACCESS_NETWORK_STATE" />
40-->[com.google.firebase:firebase-iid:20.0.0] AndroidManifest.xml:22:5-79
40-->[com.google.firebase:firebase-iid:20.0.0] AndroidManifest.xml:22:22-76
41
42    <application
42-->src/main/AndroidManifest.xml:15:3-63:17
43        android:name="com.healthyhost.MainApplication"
43-->src/main/AndroidManifest.xml:16:5-36
44        android:allowBackup="false"
44-->src/main/AndroidManifest.xml:20:5-32
45        android:appComponentFactory="androidx.core.app.CoreComponentFactory"
45-->[androidx.core:core:1.0.1] AndroidManifest.xml:22:18-86
46        android:icon="@mipmap/ic_launcher"
46-->src/main/AndroidManifest.xml:18:5-39
47        android:label="@string/app_name"
47-->src/main/AndroidManifest.xml:17:5-37
48        android:roundIcon="@mipmap/ic_launcher_round"
48-->src/main/AndroidManifest.xml:19:5-50
49        android:theme="@style/AppTheme" >
49-->src/main/AndroidManifest.xml:21:5-36
50        <activity
50-->src/main/AndroidManifest.xml:22:5-33:16
51            android:name="com.healthyhost.MainActivity"
51-->src/main/AndroidManifest.xml:23:7-35
52            android:configChanges="keyboard|keyboardHidden|orientation|screenSize"
52-->src/main/AndroidManifest.xml:26:7-77
53            android:label="@string/app_name"
53-->src/main/AndroidManifest.xml:24:7-39
54            android:screenOrientation="portrait"
54-->src/main/AndroidManifest.xml:28:7-43
55            android:theme="@style/SplashTheme"
55-->src/main/AndroidManifest.xml:25:7-41
56            android:windowSoftInputMode="adjustResize" >
56-->src/main/AndroidManifest.xml:27:7-49
57            <intent-filter>
57-->src/main/AndroidManifest.xml:29:7-32:23
58                <action android:name="android.intent.action.MAIN" />
58-->src/main/AndroidManifest.xml:30:9-61
58-->src/main/AndroidManifest.xml:30:17-58
59
60                <category android:name="android.intent.category.LAUNCHER" />
60-->src/main/AndroidManifest.xml:31:9-69
60-->src/main/AndroidManifest.xml:31:19-66
61            </intent-filter>
62        </activity>
63        <activity android:name="com.facebook.react.devsupport.DevSettingsActivity" />
63-->src/main/AndroidManifest.xml:34:5-82
63-->src/main/AndroidManifest.xml:34:15-79
64
65        <receiver
65-->src/main/AndroidManifest.xml:36:5-44:16
66            android:name="com.google.android.gms.gcm.GcmReceiver"
66-->src/main/AndroidManifest.xml:37:9-62
67            android:exported="true"
67-->src/main/AndroidManifest.xml:38:9-32
68            android:permission="com.google.android.c2dm.permission.SEND" >
68-->src/main/AndroidManifest.xml:39:9-69
69            <intent-filter>
69-->src/main/AndroidManifest.xml:40:9-43:25
70                <action android:name="com.google.android.c2dm.intent.RECEIVE" />
70-->src/main/AndroidManifest.xml:41:11-75
70-->src/main/AndroidManifest.xml:41:19-72
71
72                <category android:name="com.healthyhost" />
72-->src/main/AndroidManifest.xml:42:11-54
72-->src/main/AndroidManifest.xml:42:21-51
73            </intent-filter>
74        </receiver>
75        <receiver android:name="com.dieam.reactnativepushnotification.modules.RNPushNotificationPublisher" />
75-->src/main/AndroidManifest.xml:46:5-106
75-->src/main/AndroidManifest.xml:46:15-103
76        <receiver android:name="com.dieam.reactnativepushnotification.modules.RNPushNotificationBootEventReceiver" >
76-->src/main/AndroidManifest.xml:47:5-51:16
76-->src/main/AndroidManifest.xml:47:15-111
77            <intent-filter>
77-->src/main/AndroidManifest.xml:48:9-50:25
78                <action android:name="android.intent.action.BOOT_COMPLETED" />
78-->src/main/AndroidManifest.xml:49:13-75
78-->src/main/AndroidManifest.xml:49:21-72
79            </intent-filter>
80        </receiver>
81
82        <service android:name="com.dieam.reactnativepushnotification.modules.RNPushNotificationRegistrationService" />
82-->src/main/AndroidManifest.xml:53:5-114
82-->src/main/AndroidManifest.xml:53:14-112
83        <service
83-->src/main/AndroidManifest.xml:55:5-61:15
84            android:name="com.dieam.reactnativepushnotification.modules.RNPushNotificationListenerServiceGcm"
84-->src/main/AndroidManifest.xml:56:9-106
85            android:exported="false" >
85-->src/main/AndroidManifest.xml:57:9-33
86            <intent-filter>
86-->src/main/AndroidManifest.xml:58:9-60:25
87                <action android:name="com.google.android.c2dm.intent.RECEIVE" />
87-->src/main/AndroidManifest.xml:41:11-75
87-->src/main/AndroidManifest.xml:41:19-72
88            </intent-filter>
89        </service>
90
91        <!--
92             FirebaseMessagingService performs security checks at runtime,
93             but set to not exported to explicitly avoid allowing another app to call it.
94        -->
95        <service
95-->[com.google.firebase:firebase-messaging:20.0.0] AndroidManifest.xml:28:9-34:19
96            android:name="com.google.firebase.messaging.FirebaseMessagingService"
96-->[com.google.firebase:firebase-messaging:20.0.0] AndroidManifest.xml:29:13-82
97            android:exported="false" >
97-->[com.google.firebase:firebase-messaging:20.0.0] AndroidManifest.xml:30:13-37
98            <intent-filter android:priority="-500" >
98-->[com.google.firebase:firebase-messaging:20.0.0] AndroidManifest.xml:31:13-33:29
98-->[com.google.firebase:firebase-messaging:20.0.0] AndroidManifest.xml:31:28-51
99                <action android:name="com.google.firebase.MESSAGING_EVENT" />
99-->[com.google.firebase:firebase-messaging:20.0.0] AndroidManifest.xml:32:17-78
99-->[com.google.firebase:firebase-messaging:20.0.0] AndroidManifest.xml:32:25-75
100            </intent-filter>
101        </service>
102        <service
102-->[com.google.firebase:firebase-iid:20.0.0] AndroidManifest.xml:29:9-35:19
103            android:name="com.google.firebase.components.ComponentDiscoveryService"
103-->[com.google.firebase:firebase-iid:20.0.0] AndroidManifest.xml:30:13-84
104            android:exported="false" >
104-->[com.google.firebase:firebase-iid:20.0.0] AndroidManifest.xml:31:13-37
105            <meta-data
105-->[com.google.firebase:firebase-iid:20.0.0] AndroidManifest.xml:32:13-34:85
106                android:name="com.google.firebase.components:com.google.firebase.iid.Registrar"
106-->[com.google.firebase:firebase-iid:20.0.0] AndroidManifest.xml:33:17-96
107                android:value="com.google.firebase.components.ComponentRegistrar" />
107-->[com.google.firebase:firebase-iid:20.0.0] AndroidManifest.xml:34:17-82
108        </service>
109
110        <receiver
110-->[com.google.firebase:firebase-iid:20.0.0] AndroidManifest.xml:37:9-44:20
111            android:name="com.google.firebase.iid.FirebaseInstanceIdReceiver"
111-->[com.google.firebase:firebase-iid:20.0.0] AndroidManifest.xml:38:13-78
112            android:exported="true"
112-->[com.google.firebase:firebase-iid:20.0.0] AndroidManifest.xml:39:13-36
113            android:permission="com.google.android.c2dm.permission.SEND" >
113-->[com.google.firebase:firebase-iid:20.0.0] AndroidManifest.xml:40:13-73
114            <intent-filter>
114-->src/main/AndroidManifest.xml:58:9-60:25
115                <action android:name="com.google.android.c2dm.intent.RECEIVE" />
115-->src/main/AndroidManifest.xml:41:11-75
115-->src/main/AndroidManifest.xml:41:19-72
116            </intent-filter>
117        </receiver>
118
119        <provider
119-->[com.google.firebase:firebase-common:19.0.0] AndroidManifest.xml:12:9-16:39
120            android:name="com.google.firebase.provider.FirebaseInitProvider"
120-->[com.google.firebase:firebase-common:19.0.0] AndroidManifest.xml:13:13-77
121            android:authorities="com.healthyhost.firebaseinitprovider"
121-->[com.google.firebase:firebase-common:19.0.0] AndroidManifest.xml:14:13-72
122            android:exported="false"
122-->[com.google.firebase:firebase-common:19.0.0] AndroidManifest.xml:15:13-37
123            android:initOrder="100" />
123-->[com.google.firebase:firebase-common:19.0.0] AndroidManifest.xml:16:13-36
124
125        <activity
125-->[com.google.android.gms:play-services-base:17.0.0] AndroidManifest.xml:23:9-26:75
126            android:name="com.google.android.gms.common.api.GoogleApiActivity"
126-->[com.google.android.gms:play-services-base:17.0.0] AndroidManifest.xml:24:13-79
127            android:exported="false"
127-->[com.google.android.gms:play-services-base:17.0.0] AndroidManifest.xml:25:13-37
128            android:theme="@android:style/Theme.Translucent.NoTitleBar" />
128-->[com.google.android.gms:play-services-base:17.0.0] AndroidManifest.xml:26:13-72
129
130        <meta-data
130-->[com.google.android.gms:play-services-basement:17.0.0] AndroidManifest.xml:23:9-25:69
131            android:name="com.google.android.gms.version"
131-->[com.google.android.gms:play-services-basement:17.0.0] AndroidManifest.xml:24:13-58
132            android:value="@integer/google_play_services_version" />
132-->[com.google.android.gms:play-services-basement:17.0.0] AndroidManifest.xml:25:13-66
133    </application>
134
135</manifest>